[2024-12-20T07:03:09.260Z] uncaughtException: DiscordAPIError[10062]: Unknown interaction
    at handleErrors (C:\Users\nckus\OneDrive\桌面\bot1\node_modules\@discordjs\rest\dist\index.js:727:13)
    at process.processTicksAndRejections (node:internal/process/task_queues:105:5)
    at async BurstHandler.runRequest (C:\Users\nckus\OneDrive\桌面\bot1\node_modules\@discordjs\rest\dist\index.js:831:23)
    at async _REST.request (C:\Users\nckus\OneDrive\桌面\bot1\node_modules\@discordjs\rest\dist\index.js:1272:22)
    at async ChatInputCommandInteraction.reply (C:\Users\nckus\OneDrive\桌面\bot1\node_modules\discord.js\src\structures\interfaces\InteractionResponses.js:115:5)
    at async Client.<anonymous> (C:\Users\nckus\OneDrive\桌面\bot1\bot.js:211:9)
[2024-12-20T07:03:24.163Z] uncaughtException: DiscordAPIError[10062]: Unknown interaction
    at handleErrors (C:\Users\nckus\OneDrive\桌面\bot1\node_modules\@discordjs\rest\dist\index.js:727:13)
    at process.processTicksAndRejections (node:internal/process/task_queues:105:5)
    at async BurstHandler.runRequest (C:\Users\nckus\OneDrive\桌面\bot1\node_modules\@discordjs\rest\dist\index.js:831:23)
    at async _REST.request (C:\Users\nckus\OneDrive\桌面\bot1\node_modules\@discordjs\rest\dist\index.js:1272:22)
    at async ChatInputCommandInteraction.reply (C:\Users\nckus\OneDrive\桌面\bot1\node_modules\discord.js\src\structures\interfaces\InteractionResponses.js:115:5)
    at async Client.<anonymous> (C:\Users\nckus\OneDrive\桌面\bot1\bot.js:211:9)
[2024-12-23T15:02:58.655Z] uncaughtException: DiscordAPIError[10062]: Unknown interaction
    at handleErrors (C:\Users\nckus\OneDrive\桌面\bot1\node_modules\@discordjs\rest\dist\index.js:727:13)
    at process.processTicksAndRejections (node:internal/process/task_queues:105:5)
    at async BurstHandler.runRequest (C:\Users\nckus\OneDrive\桌面\bot1\node_modules\@discordjs\rest\dist\index.js:831:23)
    at async _REST.request (C:\Users\nckus\OneDrive\桌面\bot1\node_modules\@discordjs\rest\dist\index.js:1272:22)
    at async ChatInputCommandInteraction.reply (C:\Users\nckus\OneDrive\桌面\bot1\node_modules\discord.js\src\structures\interfaces\InteractionResponses.js:115:5)
    at async Client.<anonymous> (C:\Users\nckus\OneDrive\桌面\bot1\bot.js:213:9)
[2024-12-24T01:19:14.215Z] uncaughtException: DiscordAPIError[10062]: Unknown interaction
    at handleErrors (C:\Users\nckus\OneDrive\桌面\bot1\node_modules\@discordjs\rest\dist\index.js:727:13)
    at process.processTicksAndRejections (node:internal/process/task_queues:105:5)
    at async BurstHandler.runRequest (C:\Users\nckus\OneDrive\桌面\bot1\node_modules\@discordjs\rest\dist\index.js:831:23)
    at async _REST.request (C:\Users\nckus\OneDrive\桌面\bot1\node_modules\@discordjs\rest\dist\index.js:1272:22)
    at async ChatInputCommandInteraction.reply (C:\Users\nckus\OneDrive\桌面\bot1\node_modules\discord.js\src\structures\interfaces\InteractionResponses.js:115:5)
    at async Client.<anonymous> (C:\Users\nckus\OneDrive\桌面\bot1\bot.js:213:9)
[2024-12-24T01:28:27.918Z] uncaughtException: DiscordAPIError[10062]: Unknown interaction
    at handleErrors (C:\Users\nckus\OneDrive\桌面\bot1\node_modules\@discordjs\rest\dist\index.js:727:13)
    at process.processTicksAndRejections (node:internal/process/task_queues:105:5)
    at async BurstHandler.runRequest (C:\Users\nckus\OneDrive\桌面\bot1\node_modules\@discordjs\rest\dist\index.js:831:23)
    at async _REST.request (C:\Users\nckus\OneDrive\桌面\bot1\node_modules\@discordjs\rest\dist\index.js:1272:22)
    at async ChatInputCommandInteraction.reply (C:\Users\nckus\OneDrive\桌面\bot1\node_modules\discord.js\src\structures\interfaces\InteractionResponses.js:115:5)
    at async Client.<anonymous> (C:\Users\nckus\OneDrive\桌面\bot1\bot.js:213:9)
[2024-12-24T05:43:11.124Z] uncaughtException: DiscordAPIError[10062]: Unknown interaction
    at handleErrors (C:\Users\nckus\OneDrive\桌面\bot1\node_modules\@discordjs\rest\dist\index.js:727:13)
    at process.processTicksAndRejections (node:internal/process/task_queues:105:5)
    at async BurstHandler.runRequest (C:\Users\nckus\OneDrive\桌面\bot1\node_modules\@discordjs\rest\dist\index.js:831:23)
    at async _REST.request (C:\Users\nckus\OneDrive\桌面\bot1\node_modules\@discordjs\rest\dist\index.js:1272:22)
    at async ChatInputCommandInteraction.reply (C:\Users\nckus\OneDrive\桌面\bot1\node_modules\discord.js\src\structures\interfaces\InteractionResponses.js:115:5)
    at async Client.<anonymous> (C:\Users\nckus\OneDrive\桌面\bot1\bot.js:213:9)
[2024-12-24T07:58:27.765Z] uncaughtException: DiscordAPIError[10062]: Unknown interaction
    at handleErrors (C:\Users\nckus\OneDrive\桌面\bot1\node_modules\@discordjs\rest\dist\index.js:727:13)
    at process.processTicksAndRejections (node:internal/process/task_queues:105:5)
    at async BurstHandler.runRequest (C:\Users\nckus\OneDrive\桌面\bot1\node_modules\@discordjs\rest\dist\index.js:831:23)
    at async _REST.request (C:\Users\nckus\OneDrive\桌面\bot1\node_modules\@discordjs\rest\dist\index.js:1272:22)
    at async ChatInputCommandInteraction.reply (C:\Users\nckus\OneDrive\桌面\bot1\node_modules\discord.js\src\structures\interfaces\InteractionResponses.js:115:5)
    at async Client.<anonymous> (C:\Users\nckus\OneDrive\桌面\bot1\bot.js:220:9)
[2024-12-27T07:04:49.655Z] uncaughtException: DiscordAPIError[10062]: Unknown interaction
    at handleErrors (C:\Users\nckus\OneDrive\桌面\bot1\node_modules\@discordjs\rest\dist\index.js:727:13)
    at process.processTicksAndRejections (node:internal/process/task_queues:105:5)
    at async BurstHandler.runRequest (C:\Users\nckus\OneDrive\桌面\bot1\node_modules\@discordjs\rest\dist\index.js:831:23)
    at async _REST.request (C:\Users\nckus\OneDrive\桌面\bot1\node_modules\@discordjs\rest\dist\index.js:1272:22)
    at async ChatInputCommandInteraction.reply (C:\Users\nckus\OneDrive\桌面\bot1\node_modules\discord.js\src\structures\interfaces\InteractionResponses.js:115:5)
    at async Client.<anonymous> (C:\Users\nckus\OneDrive\桌面\bot1\bot.js:220:9)
[2024-12-30T05:44:22.988Z] uncaughtException: DiscordAPIError[10062]: Unknown interaction
    at handleErrors (C:\Users\nckus\OneDrive\桌面\bot1\node_modules\@discordjs\rest\dist\index.js:727:13)
    at process.processTicksAndRejections (node:internal/process/task_queues:105:5)
    at async BurstHandler.runRequest (C:\Users\nckus\OneDrive\桌面\bot1\node_modules\@discordjs\rest\dist\index.js:831:23)
    at async _REST.request (C:\Users\nckus\OneDrive\桌面\bot1\node_modules\@discordjs\rest\dist\index.js:1272:22)
    at async ChatInputCommandInteraction.reply (C:\Users\nckus\OneDrive\桌面\bot1\node_modules\discord.js\src\structures\interfaces\InteractionResponses.js:115:5)
    at async Client.<anonymous> (C:\Users\nckus\OneDrive\桌面\bot1\bot.js:220:9)
[2025-01-07T03:33:34.388Z] uncaughtException: HTTPError: Service Unavailable
    at handleErrors (C:\Users\nckus\OneDrive\桌面\bot1\node_modules\@discordjs\rest\dist\index.js:720:11)
    at BurstHandler.runRequest (C:\Users\nckus\OneDrive\桌面\bot1\node_modules\@discordjs\rest\dist\index.js:831:29)
    at process.processTicksAndRejections (node:internal/process/task_queues:105:5)
    at async _REST.request (C:\Users\nckus\OneDrive\桌面\bot1\node_modules\@discordjs\rest\dist\index.js:1272:22)
    at async ChatInputCommandInteraction.reply (C:\Users\nckus\OneDrive\桌面\bot1\node_modules\discord.js\src\structures\interfaces\InteractionResponses.js:115:5)
    at async Client.<anonymous> (C:\Users\nckus\OneDrive\桌面\bot1\bot.js:220:9)
[2025-01-07T03:33:42.336Z] uncaughtException: HTTPError: Service Unavailable
    at handleErrors (C:\Users\nckus\OneDrive\桌面\bot1\node_modules\@discordjs\rest\dist\index.js:720:11)
    at BurstHandler.runRequest (C:\Users\nckus\OneDrive\桌面\bot1\node_modules\@discordjs\rest\dist\index.js:831:29)
    at process.processTicksAndRejections (node:internal/process/task_queues:105:5)
    at async _REST.request (C:\Users\nckus\OneDrive\桌面\bot1\node_modules\@discordjs\rest\dist\index.js:1272:22)
    at async ChatInputCommandInteraction.reply (C:\Users\nckus\OneDrive\桌面\bot1\node_modules\discord.js\src\structures\interfaces\InteractionResponses.js:115:5)
    at async Client.<anonymous> (C:\Users\nckus\OneDrive\桌面\bot1\bot.js:220:9)
[2025-01-16T09:11:18.465Z] uncaughtException: DiscordAPIError[10062]: Unknown interaction
    at handleErrors (C:\Users\nckus\OneDrive\桌面\bot1\node_modules\@discordjs\rest\dist\index.js:727:13)
    at process.processTicksAndRejections (node:internal/process/task_queues:105:5)
    at async BurstHandler.runRequest (C:\Users\nckus\OneDrive\桌面\bot1\node_modules\@discordjs\rest\dist\index.js:831:23)
    at async _REST.request (C:\Users\nckus\OneDrive\桌面\bot1\node_modules\@discordjs\rest\dist\index.js:1272:22)
    at async ChatInputCommandInteraction.reply (C:\Users\nckus\OneDrive\桌面\bot1\node_modules\discord.js\src\structures\interfaces\InteractionResponses.js:115:5)
    at async Client.<anonymous> (C:\Users\nckus\OneDrive\桌面\bot1\bot.js:220:9)
[2025-01-16T09:11:18.597Z] uncaughtException: DiscordAPIError[10062]: Unknown interaction
    at handleErrors (C:\Users\nckus\OneDrive\桌面\bot1\node_modules\@discordjs\rest\dist\index.js:727:13)
    at process.processTicksAndRejections (node:internal/process/task_queues:105:5)
    at async BurstHandler.runRequest (C:\Users\nckus\OneDrive\桌面\bot1\node_modules\@discordjs\rest\dist\index.js:831:23)
    at async _REST.request (C:\Users\nckus\OneDrive\桌面\bot1\node_modules\@discordjs\rest\dist\index.js:1272:22)
    at async ChatInputCommandInteraction.reply (C:\Users\nckus\OneDrive\桌面\bot1\node_modules\discord.js\src\structures\interfaces\InteractionResponses.js:115:5)
    at async Client.<anonymous> (C:\Users\nckus\OneDrive\桌面\bot1\bot.js:220:9)
[2025-01-24T01:37:33.397Z] unhandledRejection: Error: getaddrinfo ENOTFOUND discord.com
[2025-02-28T02:59:19.124Z] unhandledRejection: Error [TokenInvalid]: An invalid token was provided.
[2025-03-22T01:32:21.323Z] unhandledRejection: Error [TokenInvalid]: An invalid token was provided.
